c:\users\hp\desktop\new folder (5)\tictactt\debug\vc143.pdb
c:\users\hp\desktop\new folder (5)\tictactt\debug\qrc_resources.obj
c:\users\hp\desktop\new folder (5)\tictactt\debug\tttcontroller.obj
c:\users\hp\desktop\new folder (5)\tictactt\debug\board.obj
c:\users\hp\desktop\new folder (5)\tictactt\debug\main.obj
c:\users\hp\desktop\new folder (5)\tictactt\debug\tictactoegame.obj
c:\users\hp\desktop\new folder (5)\tictactt\debug\minimaxagent.obj
c:\users\hp\desktop\new folder (5)\tictactt\debug\titlescreen.obj
c:\users\hp\desktop\new folder (5)\tictactt\debug\moc_tttcontroller.obj
c:\users\hp\desktop\new folder (5)\tictactt\debug\moc_titlescreen.obj
c:\users\hp\desktop\new folder (5)\tictactt\debug\moc_tictactoegame.obj
c:\users\hp\desktop\new folder (5)\tictactt\debug\moc_predefs.h
c:\users\hp\desktop\new folder (5)\tictactt\debug\moc_tttcontroller.cpp
c:\users\hp\desktop\new folder (5)\tictactt\debug\moc_tictactoegame.cpp
c:\users\hp\desktop\new folder (5)\tictactt\debug\moc_titlescreen.cpp
c:\users\hp\desktop\new folder (5)\tictactt\ui_tictactoegame.h
c:\users\hp\desktop\new folder (5)\tictactt\ui_titlescreen.h
c:\users\hp\desktop\new folder (5)\tictactt\debug\qrc_resources.cpp
c:\users\hp\desktop\new folder (5)\tictactt\debug\qt-tic-tac-toe.tlog\cl.command.1.tlog
c:\users\hp\desktop\new folder (5)\tictactt\debug\qt-tic-tac-toe.tlog\cl.read.1.tlog
c:\users\hp\desktop\new folder (5)\tictactt\debug\qt-tic-tac-toe.tlog\cl.write.1.tlog
c:\users\hp\desktop\new folder (5)\tictactt\debug\qt-tic-tac-toe.tlog\custombuild.command.1.tlog
c:\users\hp\desktop\new folder (5)\tictactt\debug\qt-tic-tac-toe.tlog\custombuild.read.1.tlog
c:\users\hp\desktop\new folder (5)\tictactt\debug\qt-tic-tac-toe.tlog\custombuild.write.1.tlog
c:\users\hp\desktop\new folder (5)\tictactt\debug\qt-tic-tac-toe.tlog\moc.read.1u.tlog
c:\users\hp\desktop\new folder (5)\tictactt\debug\qt-tic-tac-toe.tlog\moc.write.1u.tlog
c:\users\hp\desktop\new folder (5)\tictactt\debug\qt-tic-tac-toe.tlog\qt-tic-tac-toe.write.1u.tlog
c:\users\hp\desktop\new folder (5)\tictactt\debug\qt-tic-tac-toe.tlog\rc.command.1.tlog
c:\users\hp\desktop\new folder (5)\tictactt\debug\qt-tic-tac-toe.tlog\rc.write.1.tlog
c:\users\hp\desktop\new folder (5)\tictactt\debug\qt-tic-tac-toe.tlog\rcc.read.1u.tlog
c:\users\hp\desktop\new folder (5)\tictactt\debug\qt-tic-tac-toe.tlog\rcc.write.1u.tlog
c:\users\hp\desktop\new folder (5)\tictactt\debug\qt-tic-tac-toe.tlog\uic.read.1u.tlog
c:\users\hp\desktop\new folder (5)\tictactt\debug\qt-tic-tac-toe.tlog\uic.write.1u.tlog
