  Reading Qt configuration (C:/QT/6.7.0/msvc2019_64/bin/qmake)
  Generate moc_predefs.h
  Uic'ing Forms\TicTacToeGame.ui...
  Uic'ing Forms\titlescreen.ui...
  Rcc'ing resources.qrc...
  Moc'ing Controller\TTTController.h...
   Warning: Failed to resolve include "C:/Users/hp/Desktop/New folder (5)/Qt-Tic-Tac-Toe-master/Debug/moc_predefs.h" for moc file C:\Users\hp\Desktop\New folder (5)\TicTacTT\Controller\TTTController.h
  Moc'ing View\TicTacToeGame.h...
  Moc'ing View\TitleScreen.h...
   Warning: Failed to resolve include "C:/Users/hp/Desktop/New folder (5)/Qt-Tic-Tac-Toe-master/Debug/moc_predefs.h" for moc file C:\Users\hp\Desktop\New folder (5)\TicTacTT\View\TicTacToeGame.h
   Warning: Failed to resolve include "C:/Users/hp/Desktop/New folder (5)/Qt-Tic-Tac-Toe-master/Debug/moc_predefs.h" for moc file C:\Users\hp\Desktop\New folder (5)\TicTacTT\View\TitleScreen.h
  Board.cpp
  MiniMaxAgent.cpp
  TTTController.cpp
  TicTacToeGame.cpp
  TitleScreen.cpp
  main.cpp
D:\VISUAL STUDIO\VC\Tools\MSVC\14.39.33519\include\xmemory(727,103): warning C4267: 'argument': conversion from 'size_t' to 'int', possible loss of data
  (compiling source file 'View/TicTacToeGame.cpp')
  D:\VISUAL STUDIO\VC\Tools\MSVC\14.39.33519\include\xmemory(727,103):
  the template instantiation context (the oldest one first) is
  	C:\Users\hp\Desktop\New folder (5)\TicTacTT\View\TicTacToeGame.cpp(36,18):
  	see reference to function template instantiation '_Ty &std::vector<_Ty,std::allocator<_Ty>>::emplace_back<QPushButton*&,size_t&,size_t&>(QPushButton *&,size_t &,size_t &)' being compiled
          with
          [
              _Ty=Cell
          ]
  	D:\VISUAL STUDIO\VC\Tools\MSVC\14.39.33519\include\vector(862,24):
  	see reference to function template instantiation '_Ty &std::vector<_Ty,std::allocator<_Ty>>::_Emplace_one_at_back<QPushButton*&,size_t&,size_t&>(QPushButton *&,size_t &,size_t &)' being compiled
          with
          [
              _Ty=Cell
          ]
  	D:\VISUAL STUDIO\VC\Tools\MSVC\14.39.33519\include\vector(780,20):
  	see reference to function template instantiation '_Ty &std::vector<_Ty,std::allocator<_Ty>>::_Emplace_back_with_unused_capacity<QPushButton*&,size_t&,size_t&>(QPushButton *&,size_t &,size_t &)' being compiled
          with
          [
              _Ty=Cell
          ]
  	D:\VISUAL STUDIO\VC\Tools\MSVC\14.39.33519\include\vector(798,27):
  	see reference to function template instantiation 'void std::_Default_allocator_traits<_Alloc>::construct<_Ty,QPushButton*&,size_t&,size_t&>(_Alloc &,_Objty *const ,QPushButton *&,size_t &,size_t &)' being compiled
          with
          [
              _Alloc=std::allocator<Cell>,
              _Ty=Cell,
              _Objty=Cell
          ]
  
  qrc_resources.cpp
  moc_TTTController.cpp
  moc_TicTacToeGame.cpp
  moc_TitleScreen.cpp
RC : fatal error RC1110: could not open C:\Users\hp\Desktop\New folder (5)\Qt-Tic-Tac-Toe-master\Qt-Tic-Tac-Toe_resource.rc
  
